[debug] [2025-03-02T23:47:05.151Z] ----------------------------------------------------------------------
[debug] [2025-03-02T23:47:05.158Z] Command:       C:\Program Files\nodejs\node.exe C:\Users\Suresh Timma\AppData\Roaming\npm\node_modules\firebase-tools\lib\bin\firebase.js hosting:sites:create startuplens
[debug] [2025-03-02T23:47:05.159Z] CLI Version:   13.32.0
[debug] [2025-03-02T23:47:05.160Z] Platform:      win32
[debug] [2025-03-02T23:47:05.160Z] Node Version:  v22.14.0
[debug] [2025-03-02T23:47:05.161Z] Time:          Mon Mar 03 2025 05:17:05 GMT+0530 (India Standard Time)
[debug] [2025-03-02T23:47:05.161Z] ----------------------------------------------------------------------
[debug] 
[debug] [2025-03-02T23:47:05.829Z] > command requires scopes: ["email","openid","https://www.googleapis.com/auth/cloudplatformprojects.readonly","https://www.googleapis.com/auth/firebase","https://www.googleapis.com/auth/cloud-platform"]
[debug] [2025-03-02T23:47:05.831Z] > authorizing via signed-in user (psnl.shtim@gmail.com)
[debug] [2025-03-02T23:47:05.831Z] [iam] checking project genai-hackathon-8a609 for permissions ["firebase.projects.get","firebasehosting.sites.update"]
[debug] [2025-03-02T23:47:05.835Z] Checked if tokens are valid: true, expires at: 1740961250170
[debug] [2025-03-02T23:47:05.835Z] Checked if tokens are valid: true, expires at: 1740961250170
[debug] [2025-03-02T23:47:05.838Z] >>> [apiv2][query] POST https://cloudresourcemanager.googleapis.com/v1/projects/genai-hackathon-8a609:testIamPermissions [none]
[debug] [2025-03-02T23:47:05.838Z] >>> [apiv2][(partial)header] POST https://cloudresourcemanager.googleapis.com/v1/projects/genai-hackathon-8a609:testIamPermissions x-goog-quota-user=projects/genai-hackathon-8a609
[debug] [2025-03-02T23:47:05.838Z] >>> [apiv2][body] POST https://cloudresourcemanager.googleapis.com/v1/projects/genai-hackathon-8a609:testIamPermissions {"permissions":["firebase.projects.get","firebasehosting.sites.update"]}
[debug] [2025-03-02T23:47:07.482Z] <<< [apiv2][status] POST https://cloudresourcemanager.googleapis.com/v1/projects/genai-hackathon-8a609:testIamPermissions 200
[debug] [2025-03-02T23:47:07.482Z] <<< [apiv2][body] POST https://cloudresourcemanager.googleapis.com/v1/projects/genai-hackathon-8a609:testIamPermissions {"permissions":["firebase.projects.get","firebasehosting.sites.update"]}
[debug] [2025-03-02T23:47:07.483Z] Checked if tokens are valid: true, expires at: 1740961250170
[debug] [2025-03-02T23:47:07.483Z] Checked if tokens are valid: true, expires at: 1740961250170
[debug] [2025-03-02T23:47:07.483Z] >>> [apiv2][query] GET https://cloudresourcemanager.googleapis.com/v1/projects/genai-hackathon-8a609 [none]
[debug] [2025-03-02T23:47:07.831Z] <<< [apiv2][status] GET https://cloudresourcemanager.googleapis.com/v1/projects/genai-hackathon-8a609 200
[debug] [2025-03-02T23:47:07.831Z] <<< [apiv2][body] GET https://cloudresourcemanager.googleapis.com/v1/projects/genai-hackathon-8a609 {"projectNumber":"952473486898","projectId":"genai-hackathon-8a609","lifecycleState":"ACTIVE","name":"GenAI-Hackathon","labels":{"firebase":"enabled","firebase-core":"disabled"},"createTime":"2025-02-21T16:39:17.153725Z"}
[debug] [2025-03-02T23:47:07.832Z] Checked if tokens are valid: true, expires at: 1740961250170
[debug] [2025-03-02T23:47:07.832Z] Checked if tokens are valid: true, expires at: 1740961250170
[debug] [2025-03-02T23:47:07.832Z] >>> [apiv2][query] POST https://firebasehosting.googleapis.com/v1beta1/projects/952473486898/sites siteId=startuplens
[debug] [2025-03-02T23:47:07.832Z] >>> [apiv2][body] POST https://firebasehosting.googleapis.com/v1beta1/projects/952473486898/sites {"appId":""}
[debug] [2025-03-02T23:47:08.976Z] <<< [apiv2][status] POST https://firebasehosting.googleapis.com/v1beta1/projects/952473486898/sites 400
[debug] [2025-03-02T23:47:08.976Z] <<< [apiv2][body] POST https://firebasehosting.googleapis.com/v1beta1/projects/952473486898/sites {"error":{"code":400,"message":"Invalid name: `startuplens` is reserved by another project; try something like `startuplens-f2ea1` instead","status":"FAILED_PRECONDITION"}}
[warn] !  Invalid name: `startuplens` is reserved by another project; try something like `startuplens-f2ea1` instead 
